<?xml version="1.0" encoding="UTF-8"?>
<!-- Generated by org.testng.reporters.JUnitReportReporter -->
<testsuite hostname="Aled-Sages-MacBook-Pro.local" name="monterey.example.migratable.MigratableActorTest" tests="3" failures="0" timestamp="29 Nov 2011 09:56:57 GMT" time="0.554" errors="0">
  <testcase name="testPostMigrationIsDifferentActorInstance" time="0.133" classname="monterey.example.migratable.MigratableActorTest"/>
  <testcase name="testActorIsInstantiated" time="0.054" classname="monterey.example.migratable.MigratableActorTest"/>
  <testcase name="testSuspendResume" time="0.367" classname="monterey.example.migratable.MigratableActorTest"/>
</testsuite>
